2002.01.08 18:11 B C:\Documents and Settings\Administrator\Desktop\wav\1.mp3 --> ftp.hollowdays.com /public_html/mp2s 1.mp3
2002.01.08 18:11 B C:\Documents and Settings\Administrator\Desktop\wav\2.mp3 --> ftp.hollowdays.com /public_html/mp2s 2.mp3
2002.01.08 18:11 B C:\Documents and Settings\Administrator\Desktop\wav\3.mp3 --> ftp.hollowdays.com /public_html/mp2s 3.mp3
2002.01.08 18:11 B C:\Documents and Settings\Administrator\Desktop\wav\4.mp3 --> ftp.hollowdays.com /public_html/mp2s 4.mp3
2002.01.08 18:11 B C:\Documents and Settings\Administrator\Desktop\wav\5.mp3 --> ftp.hollowdays.com /public_html/mp2s 5.mp3
2002.01.08 18:11 B C:\Documents and Settings\Administrator\Desktop\wav\6.mp3 --> ftp.hollowdays.com /public_html/mp2s 6.mp3
2002.01.08 18:11 B C:\Documents and Settings\Administrator\Desktop\wav\7.mp3 --> ftp.hollowdays.com /public_html/mp2s 7.mp3
2002.01.08 18:11 B C:\Documents and Settings\Administrator\Desktop\wav\index.htm --> ftp.hollowdays.com /public_html/mp2s index.htm
2002.01.08 18:11 B C:\Documents and Settings\Administrator\Desktop\wav\index_r1_c1.gif --> ftp.hollowdays.com /public_html/mp2s index_r1_c1.gif
2002.01.08 18:11 B C:\Documents and Settings\Administrator\Desktop\wav\index_r2_c1.gif --> ftp.hollowdays.com /public_html/mp2s index_r2_c1.gif
2002.01.08 18:12 B C:\Documents and Settings\Administrator\Desktop\wav\index_r2_c10.gif --> ftp.hollowdays.com /public_html/mp2s index_r2_c10.gif
2002.01.08 18:12 B C:\Documents and Settings\Administrator\Desktop\wav\index_r2_c2.gif --> ftp.hollowdays.com /public_html/mp2s index_r2_c2.gif
2002.01.08 18:12 B C:\Documents and Settings\Administrator\Desktop\wav\index_r3_c10.gif --> ftp.hollowdays.com /public_html/mp2s index_r3_c10.gif
2002.01.08 18:12 B C:\Documents and Settings\Administrator\Desktop\wav\index_r3_c12.gif --> ftp.hollowdays.com /public_html/mp2s index_r3_c12.gif
2002.01.08 18:12 B C:\Documents and Settings\Administrator\Desktop\wav\index_r3_c12_f2.gif --> ftp.hollowdays.com /public_html/mp2s index_r3_c12_f2.gif
2002.01.08 18:12 B C:\Documents and Settings\Administrator\Desktop\wav\index_r3_c13.gif --> ftp.hollowdays.com /public_html/mp2s index_r3_c13.gif
2002.01.08 18:12 B C:\Documents and Settings\Administrator\Desktop\wav\index_r3_c14.gif --> ftp.hollowdays.com /public_html/mp2s index_r3_c14.gif
2002.01.08 18:12 B C:\Documents and Settings\Administrator\Desktop\wav\index_r3_c14_f2.gif --> ftp.hollowdays.com /public_html/mp2s index_r3_c14_f2.gif
2002.01.08 18:12 B C:\Documents and Settings\Administrator\Desktop\wav\index_r3_c16.gif --> ftp.hollowdays.com /public_html/mp2s index_r3_c16.gif
2002.01.08 18:12 B C:\Documents and Settings\Administrator\Desktop\wav\index_r3_c17.gif --> ftp.hollowdays.com /public_html/mp2s index_r3_c17.gif
2002.01.08 18:12 B C:\Documents and Settings\Administrator\Desktop\wav\index_r3_c17_f2.gif --> ftp.hollowdays.com /public_html/mp2s index_r3_c17_f2.gif
2002.01.08 18:12 B C:\Documents and Settings\Administrator\Desktop\wav\index_r3_c18.gif --> ftp.hollowdays.com /public_html/mp2s index_r3_c18.gif
2002.01.08 18:12 B C:\Documents and Settings\Administrator\Desktop\wav\index_r3_c19.gif --> ftp.hollowdays.com /public_html/mp2s index_r3_c19.gif
2002.01.08 18:12 B C:\Documents and Settings\Administrator\Desktop\wav\index_r3_c19_f2.gif --> ftp.hollowdays.com /public_html/mp2s index_r3_c19_f2.gif
2002.01.08 18:12 B C:\Documents and Settings\Administrator\Desktop\wav\index_r3_c21.gif --> ftp.hollowdays.com /public_html/mp2s index_r3_c21.gif
2002.01.08 18:12 B C:\Documents and Settings\Administrator\Desktop\wav\index_r3_c22.gif --> ftp.hollowdays.com /public_html/mp2s index_r3_c22.gif
2002.01.08 18:12 B C:\Documents and Settings\Administrator\Desktop\wav\index_r3_c22_f2.gif --> ftp.hollowdays.com /public_html/mp2s index_r3_c22_f2.gif
2002.01.08 18:12 B C:\Documents and Settings\Administrator\Desktop\wav\index_r3_c23.gif --> ftp.hollowdays.com /public_html/mp2s index_r3_c23.gif
2002.01.08 18:12 B C:\Documents and Settings\Administrator\Desktop\wav\index_r3_c24.gif --> ftp.hollowdays.com /public_html/mp2s index_r3_c24.gif
2002.01.08 18:12 B C:\Documents and Settings\Administrator\Desktop\wav\index_r3_c24_f2.gif --> ftp.hollowdays.com /public_html/mp2s index_r3_c24_f2.gif
2002.01.08 18:12 B C:\Documents and Settings\Administrator\Desktop\wav\index_r3_c27.gif --> ftp.hollowdays.com /public_html/mp2s index_r3_c27.gif
2002.01.08 18:12 B C:\Documents and Settings\Administrator\Desktop\wav\index_r3_c28.gif --> ftp.hollowdays.com /public_html/mp2s index_r3_c28.gif
2002.01.08 18:12 B C:\Documents and Settings\Administrator\Desktop\wav\index_r3_c28_f2.gif --> ftp.hollowdays.com /public_html/mp2s index_r3_c28_f2.gif
2002.01.08 18:12 B C:\Documents and Settings\Administrator\Desktop\wav\index_r4_c2.gif --> ftp.hollowdays.com /public_html/mp2s index_r4_c2.gif
2002.01.08 18:12 B C:\Documents and Settings\Administrator\Desktop\wav\index_r5_c12.gif --> ftp.hollowdays.com /public_html/mp2s index_r5_c12.gif
2002.01.08 18:12 B C:\Documents and Settings\Administrator\Desktop\wav\index_r5_c14.gif --> ftp.hollowdays.com /public_html/mp2s index_r5_c14.gif
2002.01.08 18:12 B C:\Documents and Settings\Administrator\Desktop\wav\index_r5_c17.gif --> ftp.hollowdays.com /public_html/mp2s index_r5_c17.gif
2002.01.08 18:12 B C:\Documents and Settings\Administrator\Desktop\wav\index_r5_c19.gif --> ftp.hollowdays.com /public_html/mp2s index_r5_c19.gif
2002.01.08 18:12 B C:\Documents and Settings\Administrator\Desktop\wav\index_r5_c22.gif --> ftp.hollowdays.com /public_html/mp2s index_r5_c22.gif
2002.01.08 18:12 B C:\Documents and Settings\Administrator\Desktop\wav\index_r5_c24.gif --> ftp.hollowdays.com /public_html/mp2s index_r5_c24.gif
2002.01.08 18:12 B C:\Documents and Settings\Administrator\Desktop\wav\index_r5_c28.gif --> ftp.hollowdays.com /public_html/mp2s index_r5_c28.gif
2002.01.08 18:12 B C:\Documents and Settings\Administrator\Desktop\wav\index_r6_c11.gif --> ftp.hollowdays.com /public_html/mp2s index_r6_c11.gif
2002.01.08 18:12 B C:\Documents and Settings\Administrator\Desktop\wav\index_r6_c15.gif --> ftp.hollowdays.com /public_html/mp2s index_r6_c15.gif
2002.01.08 18:12 B C:\Documents and Settings\Administrator\Desktop\wav\index_r6_c2.gif --> ftp.hollowdays.com /public_html/mp2s index_r6_c2.gif
2002.01.08 18:12 B C:\Documents and Settings\Administrator\Desktop\wav\index_r6_c20.gif --> ftp.hollowdays.com /public_html/mp2s index_r6_c20.gif
2002.01.08 18:12 B C:\Documents and Settings\Administrator\Desktop\wav\index_r6_c26.gif --> ftp.hollowdays.com /public_html/mp2s index_r6_c26.gif
2002.01.08 18:12 B C:\Documents and Settings\Administrator\Desktop\wav\index_r6_c29.gif --> ftp.hollowdays.com /public_html/mp2s index_r6_c29.gif
2002.01.08 18:12 B C:\Documents and Settings\Administrator\Desktop\wav\index_r6_c3.gif --> ftp.hollowdays.com /public_html/mp2s index_r6_c3.gif
2002.01.08 18:12 B C:\Documents and Settings\Administrator\Desktop\wav\index_r6_c4.gif --> ftp.hollowdays.com /public_html/mp2s index_r6_c4.gif
2002.01.08 18:12 B C:\Documents and Settings\Administrator\Desktop\wav\index_r6_c5.gif --> ftp.hollowdays.com /public_html/mp2s index_r6_c5.gif
2002.01.08 18:12 B C:\Documents and Settings\Administrator\Desktop\wav\index_r6_c6.gif --> ftp.hollowdays.com /public_html/mp2s index_r6_c6.gif
2002.01.08 18:12 B C:\Documents and Settings\Administrator\Desktop\wav\index_r6_c7.gif --> ftp.hollowdays.com /public_html/mp2s index_r6_c7.gif
2002.01.08 18:12 B C:\Documents and Settings\Administrator\Desktop\wav\index_r6_c8.gif --> ftp.hollowdays.com /public_html/mp2s index_r6_c8.gif
2002.01.08 18:12 B C:\Documents and Settings\Administrator\Desktop\wav\index_r7_c25.gif --> ftp.hollowdays.com /public_html/mp2s index_r7_c25.gif
2002.01.08 18:12 B C:\Documents and Settings\Administrator\Desktop\wav\index_r7_c3.gif --> ftp.hollowdays.com /public_html/mp2s index_r7_c3.gif
2002.01.08 18:12 B C:\Documents and Settings\Administrator\Desktop\wav\index_r7_c9.gif --> ftp.hollowdays.com /public_html/mp2s index_r7_c9.gif
2002.01.08 18:12 B C:\Documents and Settings\Administrator\Desktop\wav\index_r8_c9.gif --> ftp.hollowdays.com /public_html/mp2s index_r8_c9.gif
2002.01.08 18:12 B C:\Documents and Settings\Administrator\Desktop\wav\spacer.gif --> ftp.hollowdays.com /public_html/mp2s spacer.gif
